<?xml version="1.0" encoding="utf-8"?>
<TestRun id="55edac61-5e63-44fe-b90e-7723bf9d3a47" name="@runnervmg1sw1 2025-11-21 12:26:06" xmlns="http://microsoft.com/schemas/VisualStudio/TeamTest/2010">
  <Times creation="2025-11-21T12:26:06.1379064+00:00" queuing="2025-11-21T12:26:06.1379065+00:00" start="2025-11-21T12:26:03.2614195+00:00" finish="2025-11-21T12:26:06.1767495+00:00" />
  <TestSettings name="default" id="1ffe90cb-724b-4163-a47a-9bd702f7960f">
    <Deployment runDeploymentRoot="_runnervmg1sw1_2025-11-21_12_26_06" />
  </TestSettings>
  <Results>
    <UnitTestResult executionId="2e6d82f4-7ebb-469a-bd82-01bf938df2a7" testId="1811c636-61a8-d39f-981e-b740a3f3f974" testName="BPCalculator.Tests.BloodPressureTests.Calculates_Correct_Category(sys: 85, dia: 55, expected: Low)" computerName="runnervmg1sw1" duration="00:00:00.0065128" startTime="2025-11-21T12:26:05.8616165+00:00" endTime="2025-11-21T12:26:05.8616766+00:00" testType="13cdc9d9-ddb5-4fa4-a97d-d965ccfc6d4b" outcome="Passed" testListId="8c84fa94-04c1-424b-9868-57a2d4851a1d" relativeResultsDirectory="2e6d82f4-7ebb-469a-bd82-01bf938df2a7" />
    <UnitTestResult executionId="3e3f0cd6-2c62-4eff-8eb2-289bf270d33d" testId="e9dec6f9-cc93-6cf8-3762-8c1b3bc12d3a" testName="BPCalculator.Tests.BloodPressureTests.Throws_When_Diastolic_GTE_Systolic" computerName="runnervmg1sw1" duration="00:00:00.0005838" startTime="2025-11-21T12:26:05.8672220+00:00" endTime="2025-11-21T12:26:05.8672221+00:00" testType="13cdc9d9-ddb5-4fa4-a97d-d965ccfc6d4b" outcome="Passed" testListId="8c84fa94-04c1-424b-9868-57a2d4851a1d" relativeResultsDirectory="3e3f0cd6-2c62-4eff-8eb2-289bf270d33d" />
    <UnitTestResult executionId="553e0cda-cfe8-422b-bce4-e2be9ee73530" testId="57440803-4d0b-c38d-550d-a33258b52a43" testName="BPCalculator.Tests.BloodPressureTests.Calculates_Correct_Category(sys: 150, dia: 95, expected: High)" computerName="runnervmg1sw1" duration="00:00:00.0004757" startTime="2025-11-21T12:26:05.8668224+00:00" endTime="2025-11-21T12:26:05.8668225+00:00" testType="13cdc9d9-ddb5-4fa4-a97d-d965ccfc6d4b" outcome="Passed" testListId="8c84fa94-04c1-424b-9868-57a2d4851a1d" relativeResultsDirectory="553e0cda-cfe8-422b-bce4-e2be9ee73530" />
    <UnitTestResult executionId="9c9c2008-80b9-4761-a9d2-ba04da864e9d" testId="aa6fe99d-2d83-9358-3cfe-2424fd3408d1" testName="BPCalculator.Tests.BloodPressureTests.Throws_When_Systolic_Below_Min" computerName="runnervmg1sw1" duration="00:00:00.0002965" startTime="2025-11-21T12:26:05.8672740+00:00" endTime="2025-11-21T12:26:05.8672741+00:00" testType="13cdc9d9-ddb5-4fa4-a97d-d965ccfc6d4b" outcome="Passed" testListId="8c84fa94-04c1-424b-9868-57a2d4851a1d" relativeResultsDirectory="9c9c2008-80b9-4761-a9d2-ba04da864e9d" />
    <UnitTestResult executionId="b50d714b-e0c4-4740-bb01-8e2762fa1c74" testId="96e0c744-cc4e-7062-638e-7182710e370f" testName="BPCalculator.Tests.BloodPressureTests.Calculates_Correct_Category(sys: 130, dia: 85, expected: PreHigh)" computerName="runnervmg1sw1" duration="00:00:00.0000039" startTime="2025-11-21T12:26:05.8671638+00:00" endTime="2025-11-21T12:26:05.8671638+00:00" testType="13cdc9d9-ddb5-4fa4-a97d-d965ccfc6d4b" outcome="Passed" testListId="8c84fa94-04c1-424b-9868-57a2d4851a1d" relativeResultsDirectory="b50d714b-e0c4-4740-bb01-8e2762fa1c74" />
    <UnitTestResult executionId="680704ee-66f7-4f61-9b35-7977b9a7d1da" testId="43aeb687-ef0f-f19d-c1dc-d20631e014b9" testName="BPCalculator.Tests.BloodPressureTests.Calculates_Correct_Category(sys: 110, dia: 70, expected: Ideal)" computerName="runnervmg1sw1" duration="00:00:00.0000090" startTime="2025-11-21T12:26:05.8671218+00:00" endTime="2025-11-21T12:26:05.8671219+00:00" testType="13cdc9d9-ddb5-4fa4-a97d-d965ccfc6d4b" outcome="Passed" testListId="8c84fa94-04c1-424b-9868-57a2d4851a1d" relativeResultsDirectory="680704ee-66f7-4f61-9b35-7977b9a7d1da" />
    <UnitTestResult executionId="e827552c-6c76-4ad3-8cc9-3630a5fc77b2" testId="6d52c65f-ec94-923a-d5a7-07f035e64d28" testName="High blood pressure" computerName="runnervmg1sw1" duration="00:00:00.1042534" startTime="2025-11-21T12:26:05.9554454+00:00" endTime="2025-11-21T12:26:05.9554457+00:00" testType="13cdc9d9-ddb5-4fa4-a97d-d965ccfc6d4b" outcome="Passed" testListId="8c84fa94-04c1-424b-9868-57a2d4851a1d" relativeResultsDirectory="e827552c-6c76-4ad3-8cc9-3630a5fc77b2">
      <Output>
        <StdOut>Given the systolic value is 150
-&gt; done: BPSteps.GivenTheSystolicValueIs(150) (0.0s)
And the diastolic value is 95
-&gt; done: BPSteps.GivenTheDiastolicValueIs(95) (0.0s)
When I calculate the blood pressure category
-&gt; done: BPSteps.WhenICalculateTheBloodPressureCategory() (0.0s)
Then the result should be "High Blood Pressure"
-&gt; done: BPSteps.ThenTheResultShouldBe("High Blood Pressure") (0.0s)</StdOut>
      </Output>
    </UnitTestResult>
    <UnitTestResult executionId="683cfb4c-a0ce-468d-a4b6-e5170fc9ebcc" testId="c2eda864-101c-ae68-2f5e-4e1e7c5be3c9" testName="Invalid blood pressure (diastolic &gt;= systolic)" computerName="runnervmg1sw1" duration="00:00:00.0009580" startTime="2025-11-21T12:26:05.9584526+00:00" endTime="2025-11-21T12:26:05.9584529+00:00" testType="13cdc9d9-ddb5-4fa4-a97d-d965ccfc6d4b" outcome="Passed" testListId="8c84fa94-04c1-424b-9868-57a2d4851a1d" relativeResultsDirectory="683cfb4c-a0ce-468d-a4b6-e5170fc9ebcc">
      <Output>
        <StdOut>Given the systolic value is 100
-&gt; done: BPSteps.GivenTheSystolicValueIs(100) (0.0s)
And the diastolic value is 120
-&gt; done: BPSteps.GivenTheDiastolicValueIs(120) (0.0s)
When I calculate the blood pressure category
-&gt; done: BPSteps.WhenICalculateTheBloodPressureCategory() (0.0s)
Then an error should be thrown
-&gt; done: BPSteps.ThenAnErrorShouldBeThrown() (0.0s)</StdOut>
      </Output>
    </UnitTestResult>
    <UnitTestResult executionId="77d1ad51-a124-44f4-88a0-fa8e2c382ed7" testId="ba31608e-56ff-846e-926b-91a08278eb80" testName="Ideal blood pressure" computerName="runnervmg1sw1" duration="00:00:00.0008003" startTime="2025-11-21T12:26:06.0015501+00:00" endTime="2025-11-21T12:26:06.0015502+00:00" testType="13cdc9d9-ddb5-4fa4-a97d-d965ccfc6d4b" outcome="Passed" testListId="8c84fa94-04c1-424b-9868-57a2d4851a1d" relativeResultsDirectory="77d1ad51-a124-44f4-88a0-fa8e2c382ed7">
      <Output>
        <StdOut>Given the systolic value is 110
-&gt; done: BPSteps.GivenTheSystolicValueIs(110) (0.0s)
And the diastolic value is 70
-&gt; done: BPSteps.GivenTheDiastolicValueIs(70) (0.0s)
When I calculate the blood pressure category
-&gt; done: BPSteps.WhenICalculateTheBloodPressureCategory() (0.0s)
Then the result should be "Ideal Blood Pressure"
-&gt; done: BPSteps.ThenTheResultShouldBe("Ideal Blood Pressure") (0.0s)</StdOut>
      </Output>
    </UnitTestResult>
    <UnitTestResult executionId="950b5a94-de52-43a8-9cb0-93aa896a8bff" testId="92b1d2e5-1a26-0fe2-2974-c2b6803af135" testName="Low blood pressure" computerName="runnervmg1sw1" duration="00:00:00.0017998" startTime="2025-11-21T12:26:05.9573939+00:00" endTime="2025-11-21T12:26:05.9573940+00:00" testType="13cdc9d9-ddb5-4fa4-a97d-d965ccfc6d4b" outcome="Passed" testListId="8c84fa94-04c1-424b-9868-57a2d4851a1d" relativeResultsDirectory="950b5a94-de52-43a8-9cb0-93aa896a8bff">
      <Output>
        <StdOut>Given the systolic value is 85
-&gt; done: BPSteps.GivenTheSystolicValueIs(85) (0.0s)
And the diastolic value is 55
-&gt; done: BPSteps.GivenTheDiastolicValueIs(55) (0.0s)
When I calculate the blood pressure category
-&gt; done: BPSteps.WhenICalculateTheBloodPressureCategory() (0.0s)
Then the result should be "Low Blood Pressure"
-&gt; done: BPSteps.ThenTheResultShouldBe("Low Blood Pressure") (0.0s)</StdOut>
      </Output>
    </UnitTestResult>
  </Results>
  <TestDefinitions>
    <UnitTest name="BPCalculator.Tests.BloodPressureTests.Calculates_Correct_Category(sys: 150, dia: 95, expected: High)" storage="/home/runner/work/bp/bp/bpcalculator.tests/bin/release/net9.0/bpcalculator.tests.dll" id="57440803-4d0b-c38d-550d-a33258b52a43">
      <Execution id="553e0cda-cfe8-422b-bce4-e2be9ee73530" />
      <TestMethod codeBase="/home/runner/work/bp/bp/BPCalculator.Tests/bin/Release/net9.0/BPCalculator.Tests.dll" adapterTypeName="executor://xunit/VsTestRunner2/netcoreapp" className="BPCalculator.Tests.BloodPressureTests" name="Calculates_Correct_Category" />
    </UnitTest>
    <UnitTest name="BPCalculator.Tests.BloodPressureTests.Calculates_Correct_Category(sys: 85, dia: 55, expected: Low)" storage="/home/runner/work/bp/bp/bpcalculator.tests/bin/release/net9.0/bpcalculator.tests.dll" id="1811c636-61a8-d39f-981e-b740a3f3f974">
      <Execution id="2e6d82f4-7ebb-469a-bd82-01bf938df2a7" />
      <TestMethod codeBase="/home/runner/work/bp/bp/BPCalculator.Tests/bin/Release/net9.0/BPCalculator.Tests.dll" adapterTypeName="executor://xunit/VsTestRunner2/netcoreapp" className="BPCalculator.Tests.BloodPressureTests" name="Calculates_Correct_Category" />
    </UnitTest>
    <UnitTest name="Invalid blood pressure (diastolic &gt;= systolic)" storage="/home/runner/work/bp/bp/bpcalculator.tests/bin/release/net9.0/bpcalculator.tests.dll" id="c2eda864-101c-ae68-2f5e-4e1e7c5be3c9">
      <Execution id="683cfb4c-a0ce-468d-a4b6-e5170fc9ebcc" />
      <TestMethod codeBase="/home/runner/work/bp/bp/BPCalculator.Tests/bin/Release/net9.0/BPCalculator.Tests.dll" adapterTypeName="executor://xunit/VsTestRunner2/netcoreapp" className="BPCalculator.Tests.Features.BloodPressureCategoryClassificationFeature" name="InvalidBloodPressureDiastolicSystolic" />
    </UnitTest>
    <UnitTest name="BPCalculator.Tests.BloodPressureTests.Calculates_Correct_Category(sys: 110, dia: 70, expected: Ideal)" storage="/home/runner/work/bp/bp/bpcalculator.tests/bin/release/net9.0/bpcalculator.tests.dll" id="43aeb687-ef0f-f19d-c1dc-d20631e014b9">
      <Execution id="680704ee-66f7-4f61-9b35-7977b9a7d1da" />
      <TestMethod codeBase="/home/runner/work/bp/bp/BPCalculator.Tests/bin/Release/net9.0/BPCalculator.Tests.dll" adapterTypeName="executor://xunit/VsTestRunner2/netcoreapp" className="BPCalculator.Tests.BloodPressureTests" name="Calculates_Correct_Category" />
    </UnitTest>
    <UnitTest name="BPCalculator.Tests.BloodPressureTests.Throws_When_Diastolic_GTE_Systolic" storage="/home/runner/work/bp/bp/bpcalculator.tests/bin/release/net9.0/bpcalculator.tests.dll" id="e9dec6f9-cc93-6cf8-3762-8c1b3bc12d3a">
      <Execution id="3e3f0cd6-2c62-4eff-8eb2-289bf270d33d" />
      <TestMethod codeBase="/home/runner/work/bp/bp/BPCalculator.Tests/bin/Release/net9.0/BPCalculator.Tests.dll" adapterTypeName="executor://xunit/VsTestRunner2/netcoreapp" className="BPCalculator.Tests.BloodPressureTests" name="Throws_When_Diastolic_GTE_Systolic" />
    </UnitTest>
    <UnitTest name="High blood pressure" storage="/home/runner/work/bp/bp/bpcalculator.tests/bin/release/net9.0/bpcalculator.tests.dll" id="6d52c65f-ec94-923a-d5a7-07f035e64d28">
      <Execution id="e827552c-6c76-4ad3-8cc9-3630a5fc77b2" />
      <TestMethod codeBase="/home/runner/work/bp/bp/BPCalculator.Tests/bin/Release/net9.0/BPCalculator.Tests.dll" adapterTypeName="executor://xunit/VsTestRunner2/netcoreapp" className="BPCalculator.Tests.Features.BloodPressureCategoryClassificationFeature" name="HighBloodPressure" />
    </UnitTest>
    <UnitTest name="Low blood pressure" storage="/home/runner/work/bp/bp/bpcalculator.tests/bin/release/net9.0/bpcalculator.tests.dll" id="92b1d2e5-1a26-0fe2-2974-c2b6803af135">
      <Execution id="950b5a94-de52-43a8-9cb0-93aa896a8bff" />
      <TestMethod codeBase="/home/runner/work/bp/bp/BPCalculator.Tests/bin/Release/net9.0/BPCalculator.Tests.dll" adapterTypeName="executor://xunit/VsTestRunner2/netcoreapp" className="BPCalculator.Tests.Features.BloodPressureCategoryClassificationFeature" name="LowBloodPressure" />
    </UnitTest>
    <UnitTest name="BPCalculator.Tests.BloodPressureTests.Throws_When_Systolic_Below_Min" storage="/home/runner/work/bp/bp/bpcalculator.tests/bin/release/net9.0/bpcalculator.tests.dll" id="aa6fe99d-2d83-9358-3cfe-2424fd3408d1">
      <Execution id="9c9c2008-80b9-4761-a9d2-ba04da864e9d" />
      <TestMethod codeBase="/home/runner/work/bp/bp/BPCalculator.Tests/bin/Release/net9.0/BPCalculator.Tests.dll" adapterTypeName="executor://xunit/VsTestRunner2/netcoreapp" className="BPCalculator.Tests.BloodPressureTests" name="Throws_When_Systolic_Below_Min" />
    </UnitTest>
    <UnitTest name="Ideal blood pressure" storage="/home/runner/work/bp/bp/bpcalculator.tests/bin/release/net9.0/bpcalculator.tests.dll" id="ba31608e-56ff-846e-926b-91a08278eb80">
      <Execution id="77d1ad51-a124-44f4-88a0-fa8e2c382ed7" />
      <TestMethod codeBase="/home/runner/work/bp/bp/BPCalculator.Tests/bin/Release/net9.0/BPCalculator.Tests.dll" adapterTypeName="executor://xunit/VsTestRunner2/netcoreapp" className="BPCalculator.Tests.Features.BloodPressureCategoryClassificationFeature" name="IdealBloodPressure" />
    </UnitTest>
    <UnitTest name="BPCalculator.Tests.BloodPressureTests.Calculates_Correct_Category(sys: 130, dia: 85, expected: PreHigh)" storage="/home/runner/work/bp/bp/bpcalculator.tests/bin/release/net9.0/bpcalculator.tests.dll" id="96e0c744-cc4e-7062-638e-7182710e370f">
      <Execution id="b50d714b-e0c4-4740-bb01-8e2762fa1c74" />
      <TestMethod codeBase="/home/runner/work/bp/bp/BPCalculator.Tests/bin/Release/net9.0/BPCalculator.Tests.dll" adapterTypeName="executor://xunit/VsTestRunner2/netcoreapp" className="BPCalculator.Tests.BloodPressureTests" name="Calculates_Correct_Category" />
    </UnitTest>
  </TestDefinitions>
  <TestEntries>
    <TestEntry testId="1811c636-61a8-d39f-981e-b740a3f3f974" executionId="2e6d82f4-7ebb-469a-bd82-01bf938df2a7" testListId="8c84fa94-04c1-424b-9868-57a2d4851a1d" />
    <TestEntry testId="e9dec6f9-cc93-6cf8-3762-8c1b3bc12d3a" executionId="3e3f0cd6-2c62-4eff-8eb2-289bf270d33d" testListId="8c84fa94-04c1-424b-9868-57a2d4851a1d" />
    <TestEntry testId="57440803-4d0b-c38d-550d-a33258b52a43" executionId="553e0cda-cfe8-422b-bce4-e2be9ee73530" testListId="8c84fa94-04c1-424b-9868-57a2d4851a1d" />
    <TestEntry testId="aa6fe99d-2d83-9358-3cfe-2424fd3408d1" executionId="9c9c2008-80b9-4761-a9d2-ba04da864e9d" testListId="8c84fa94-04c1-424b-9868-57a2d4851a1d" />
    <TestEntry testId="96e0c744-cc4e-7062-638e-7182710e370f" executionId="b50d714b-e0c4-4740-bb01-8e2762fa1c74" testListId="8c84fa94-04c1-424b-9868-57a2d4851a1d" />
    <TestEntry testId="43aeb687-ef0f-f19d-c1dc-d20631e014b9" executionId="680704ee-66f7-4f61-9b35-7977b9a7d1da" testListId="8c84fa94-04c1-424b-9868-57a2d4851a1d" />
    <TestEntry testId="6d52c65f-ec94-923a-d5a7-07f035e64d28" executionId="e827552c-6c76-4ad3-8cc9-3630a5fc77b2" testListId="8c84fa94-04c1-424b-9868-57a2d4851a1d" />
    <TestEntry testId="c2eda864-101c-ae68-2f5e-4e1e7c5be3c9" executionId="683cfb4c-a0ce-468d-a4b6-e5170fc9ebcc" testListId="8c84fa94-04c1-424b-9868-57a2d4851a1d" />
    <TestEntry testId="ba31608e-56ff-846e-926b-91a08278eb80" executionId="77d1ad51-a124-44f4-88a0-fa8e2c382ed7" testListId="8c84fa94-04c1-424b-9868-57a2d4851a1d" />
    <TestEntry testId="92b1d2e5-1a26-0fe2-2974-c2b6803af135" executionId="950b5a94-de52-43a8-9cb0-93aa896a8bff" testListId="8c84fa94-04c1-424b-9868-57a2d4851a1d" />
  </TestEntries>
  <TestLists>
    <TestList name="Results Not in a List" id="8c84fa94-04c1-424b-9868-57a2d4851a1d" />
    <TestList name="All Loaded Results" id="19431567-8539-422a-85d7-44ee4e166bda" />
  </TestLists>
  <ResultSummary outcome="Completed">
    <Counters total="10" executed="10" passed="10" failed="0" error="0" timeout="0" aborted="0" inconclusive="0" passedButRunAborted="0" notRunnable="0" notExecuted="0" disconnected="0" warning="0" completed="0" inProgress="0" pending="0" />
    <Output>
      <StdOut>[xUnit.net 00:00:00.00] xUnit.net VSTest Adapter v2.8.2+699d445a1a (64-bit .NET 9.0.11)
[xUnit.net 00:00:00.20]   Discovering: BPCalculator.Tests
[xUnit.net 00:00:00.59]   Discovered:  BPCalculator.Tests
[xUnit.net 00:00:00.59]   Starting:    BPCalculator.Tests
-&gt; Loading plugin /home/runner/work/bp/bp/BPCalculator.Tests/bin/Release/net9.0/TechTalk.SpecFlow.xUnit.SpecFlowPlugin.dll
-&gt; Loading plugin /home/runner/work/bp/bp/BPCalculator.Tests/bin/Release/net9.0/BPCalculator.Tests.dll
-&gt; Using default config
[xUnit.net 00:00:00.98]   Finished:    BPCalculator.Tests
</StdOut>
    </Output>
  </ResultSummary>
</TestRun>